\BOOKMARK [1][-]{section.1}{\376\377\137\025\212\000}{}% 1
\BOOKMARK [1][-]{section.2}{\376\377\162\151\164\006\000-\121\340\117\125\207\215\124\010\166\204\145\160\133\127\133\152\165\037\136\372\152\041}{}% 2
\BOOKMARK [2][-]{subsection.2.1}{\376\377\127\372\116\216\210\114\172\013\127\337\166\204\171\273\145\143\123\026\210\150\137\201}{section.2}% 3
\BOOKMARK [3][-]{subsubsection.2.1.1}{\376\377\117\040\176\337\136\372\152\041\145\271\154\325\166\204\134\100\226\120\140\047\122\006\147\220}{subsection.2.1}% 4
\BOOKMARK [3][-]{subsubsection.2.1.2}{\376\377\210\114\172\013\127\337\172\063\140\001\123\072\225\364\116\016\135\345\202\172\117\341\140\157\210\150\000\040\000\050\000P\000I\000T\000\051}{subsection.2.1}% 5
\BOOKMARK [2][-]{subsection.2.2}{\376\377\172\172\225\364\122\240\135\345\226\073\142\227\127\072\000\040\000\050\000S\000M\000I\000F\000\051\000\040\116\016\162\151\164\006\146\040\134\004}{section.2}% 6
\BOOKMARK [3][-]{subsubsection.2.2.1}{\376\377\172\172\225\364\122\240\135\345\226\073\142\227\127\072\133\232\116\111}{subsection.2.2}% 7
\BOOKMARK [3][-]{subsubsection.2.2.2}{\376\377\162\151\164\006\143\247\122\066\145\271\172\013\000\040\000\050\210\114\172\013\127\337\137\142\137\017\000\051}{subsection.2.2}% 8
\BOOKMARK [2][-]{subsection.2.3}{\376\377\122\250\140\001\117\030\123\026\225\356\230\230\143\317\217\360}{section.2}% 9
\BOOKMARK [1][-]{section.3}{\376\377\145\366\136\217\211\343\200\046\166\204\201\352\217\333\123\026\143\247\122\066\173\126\165\145}{}% 10
\BOOKMARK [2][-]{subsection.3.1}{\376\377\123\314\137\252\163\257\154\102\211\343\150\106\147\266}{section.3}% 11
\BOOKMARK [3][-]{subsubsection.3.1.1}{\376\377\040\034\162\151\164\006\000-\121\340\117\125\040\035\200\046\124\010\166\204\153\040\133\232\140\047\143\021\142\030}{subsection.3.1}% 12
\BOOKMARK [3][-]{subsubsection.3.1.2}{\376\377\150\070\137\303\147\072\164\006\377\032\127\372\116\216\226\073\142\227\127\072\166\204\135\345\121\265\211\343\200\046}{subsection.3.1}% 13
\BOOKMARK [2][-]{subsection.3.2}{\376\377\142\147\210\114\163\257\116\016\217\333\123\026\163\257\166\204\147\266\147\204\133\232\116\111}{section.3}% 14
\BOOKMARK [2][-]{subsection.3.3}{\376\377\142\147\210\114\163\257\377\032\127\372\116\216\176\337\213\241\166\204\217\355\116\343\217\333\176\331\117\356\214\003}{section.3}% 15
\BOOKMARK [2][-]{subsection.3.4}{\376\377\213\244\167\345\163\257\377\032\000K\120\074\166\204\116\055\120\074\156\344\154\342\146\364\145\260}{section.3}% 16
\BOOKMARK [2][-]{subsection.3.5}{\376\377\217\333\123\026\163\257\377\032\121\150\134\100\164\366\230\210\232\161\122\250\166\204\135\345\202\172\121\150\123\302\145\160\221\315\147\204}{section.3}% 17
\BOOKMARK [3][-]{subsubsection.3.5.1}{\376\377\121\150\134\100\226\073\142\227\122\006\147\220\116\016\164\366\230\210\213\306\122\053}{subsection.3.5}% 18
\BOOKMARK [3][-]{subsubsection.3.5.2}{\376\377\121\340\117\125\142\323\142\121\221\315\147\204\121\263\173\126}{subsection.3.5}% 19
\BOOKMARK [3][-]{subsubsection.3.5.3}{\376\377\217\320\122\250\133\146\136\163\156\321\166\204\217\333\176\331\211\304\122\022}{subsection.3.5}% 20
\BOOKMARK [3][-]{subsubsection.3.5.4}{\376\377\225\355\163\257\145\110\136\224\116\016\116\343\170\001\121\215\165\037}{subsection.3.5}% 21
\BOOKMARK [1][-]{section.4}{\376\377\174\373\176\337\123\237\127\213\133\236\163\260\116\016\201\352\217\333\123\026\140\047\200\375\232\214\213\301}{}% 22
\BOOKMARK [2][-]{subsection.4.1}{\376\377\133\236\232\214\136\163\123\360}{section.4}% 23
\BOOKMARK [2][-]{subsection.4.2}{\376\377\117\030\123\026\163\257\147\011\145\110\140\047\232\214\213\301\377\032\116\377\167\037\152\041\127\213\166\204\217\355\116\343\217\333\123\026}{section.4}% 24
\BOOKMARK [2][-]{subsection.4.3}{\376\377\145\164\117\123\150\106\147\266\140\047\200\375\232\214\213\301}{section.4}% 25
\BOOKMARK [1][-]{section.5}{\376\377\213\250\213\272\116\016\176\323\213\272}{}% 26
