\BOOKMARK [1][-]{section.1}{\376\377\137\025\212\000}{}% 1
\BOOKMARK [1][-]{section.2}{\376\377\176\337\116\000\136\372\152\041\377\032\210\114\172\013\127\337\210\150\137\201\116\016\172\172\225\364\122\240\135\345\226\073\142\227\127\072}{}% 2
\BOOKMARK [2][-]{subsection.2.1}{\376\377\210\114\172\013\127\337\171\273\145\143\123\026\116\016\135\345\202\172\117\341\140\157\210\150\377\010\000P\000I\000T\377\011}{section.2}% 3
\BOOKMARK [3][-]{subsubsection.2.1.1}{\376\377\117\040\176\337\171\273\145\143\123\026\166\204\134\100\226\120\140\047}{subsection.2.1}% 4
\BOOKMARK [3][-]{subsubsection.2.1.2}{\376\377\172\063\140\001\123\072\225\364\116\016\000P\000I\000T\176\323\147\204}{subsection.2.1}% 5
\BOOKMARK [2][-]{subsection.2.2}{\376\377\172\172\225\364\122\240\135\345\226\073\142\227\127\072\377\010\000S\000M\000I\000F\377\011\116\016\122\237\163\207\146\040\134\004}{section.2}% 6
\BOOKMARK [3][-]{subsubsection.2.2.1}{\376\377\000S\000M\000I\000F\133\232\116\111}{subsection.2.2}% 7
\BOOKMARK [3][-]{subsubsection.2.2.2}{\376\377\210\114\172\013\127\337\122\237\163\207\145\271\172\013}{subsection.2.2}% 8
\BOOKMARK [2][-]{subsection.2.3}{\376\377\117\030\123\026\166\356\150\007\116\016\176\246\147\137\377\032\116\316\171\273\176\277\211\304\122\022\122\060\127\050\176\277\201\352\217\333\123\026}{section.2}% 9
\BOOKMARK [1][-]{section.3}{\376\377\145\271\154\325\213\272\377\032\000S\000M\000I\000F\232\161\122\250\166\204\123\314\137\252\163\257\145\366\136\217\211\343\200\046\201\352\217\333\123\026\150\106\147\266}{}% 10
\BOOKMARK [2][-]{subsection.3.1}{\376\377\140\073\117\123\150\106\147\266\116\016\153\040\133\232\140\047\147\145\156\220}{section.3}% 11
\BOOKMARK [2][-]{subsection.3.2}{\376\377\123\314\137\252\163\257\133\232\116\111\377\032\142\147\210\114\163\257\116\016\217\333\123\026\163\257}{section.3}% 12
\BOOKMARK [2][-]{subsection.3.3}{\376\377\142\147\210\114\163\257\377\032\134\102\225\364\215\205\214\003\120\015\163\207\146\364\145\260\116\016\172\063\140\001\123\072\225\364\176\337\213\241}{section.3}% 13
\BOOKMARK [2][-]{subsection.3.4}{\376\377\226\073\142\227\127\072\221\315\147\204\377\032\116\316\133\236\155\113\215\037\217\175\122\060\000S\000M\000I\000F\167\345\213\306\154\211\155\300}{section.3}% 14
\BOOKMARK [2][-]{subsection.3.5}{\376\377\217\333\123\026\163\257\221\315\211\304\122\022\377\032\164\366\230\210\213\306\122\053\116\016\173\227\133\120\145\317\377\010\173\126\165\145\000A\000/\000B\377\011}{section.3}% 15
\BOOKMARK [3][-]{subsubsection.3.5.1}{\376\377\123\302\200\003\122\237\163\207\116\016\123\072\225\364\174\173\127\213\122\044\133\232}{subsection.3.5}% 16
\BOOKMARK [3][-]{subsubsection.3.5.2}{\376\377\173\227\133\120\145\317\377\032\173\126\165\145\000A\377\010\121\150\134\100\122\006\134\102\377\011\116\016\173\126\165\145\000B\377\010\134\100\220\350\221\315\211\304\122\022\377\011}{subsection.3.5}% 17
\BOOKMARK [3][-]{subsubsection.3.5.3}{\376\377\217\320\122\250\133\146\136\163\156\321\166\204\217\333\176\331\211\304\122\022}{subsection.3.5}% 18
\BOOKMARK [3][-]{subsubsection.3.5.4}{\376\377\225\355\163\257\116\343\170\001\121\215\165\037\116\016\145\160\133\127\133\152\165\037\146\364\145\260}{subsection.3.5}% 19
\BOOKMARK [3][-]{subsubsection.3.5.5}{\376\377\173\227\154\325\140\073\211\310\377\032\123\314\137\252\163\257\201\352\217\333\123\026\155\101\172\013\116\016\000P\000I\000T\127\050\176\277\146\364\145\260}{subsection.3.5}% 20
\BOOKMARK [1][-]{section.4}{\376\377\174\373\176\337\123\237\127\213\133\236\163\260\116\016\201\352\217\333\123\026\140\047\200\375\232\214\213\301}{}% 21
\BOOKMARK [2][-]{subsection.4.1}{\376\377\133\236\232\214\136\163\123\360\116\016\117\341\123\367\155\101}{section.4}% 22
\BOOKMARK [2][-]{subsection.4.2}{\376\377\000S\000M\000I\000F\157\024\123\026\116\016\000S\000i\000m\000-\000t\000o\000-\000R\000e\000a\000l\000\040\000G\000a\000p\145\066\145\133}{section.4}% 23
\BOOKMARK [2][-]{subsection.4.3}{\376\377\145\164\117\123\150\106\147\266\145\110\147\234\232\214\213\301}{section.4}% 24
\BOOKMARK [1][-]{section.5}{\376\377\213\250\213\272\116\016\176\323\213\272}{}% 25
